<?xml version="1.0" encoding="UTF-8"?>
<testsuite xmlns:xsi="http://www.w3.org/2001/XMLSchema-instance" xsi:noNamespaceSchemaLocation="https://maven.apache.org/surefire/maven-surefire-plugin/xsd/surefire-test-report-3.0.xsd" version="3.0" name="org.example.SmokeTest" time="0.644" tests="1" errors="0" skipped="0" failures="0">
  <properties>
    <property name="java.specification.version" value="20"/>
    <property name="sun.jnu.encoding" value="UTF-8"/>
    <property name="java.class.path" value="/Users/guymorgenshtern/Desktop/Carleton University/fourthyear/SYSC4806 - Software Lab/Lab3-DIWithSpring/target/test-classes:/Users/guymorgenshtern/Desktop/Carleton University/fourthyear/SYSC4806 - Software Lab/Lab3-DIWithSpring/target/classes:/Users/guymorgenshtern/.m2/repository/junit/junit/4.12/junit-4.12.jar:/Users/guymorgenshtern/.m2/repository/org/hamcrest/hamcrest-core/2.2/hamcrest-core-2.2.jar:/Users/guymorgenshtern/.m2/repository/org/apache/maven/plugins/maven-compiler-plugin/3.11.0/maven-compiler-plugin-3.11.0.jar:/Users/guymorgenshtern/.m2/repository/org/apache/maven/shared/maven-shared-utils/3.3.4/maven-shared-utils-3.3.4.jar:/Users/guymorgenshtern/.m2/repository/commons-io/commons-io/2.6/commons-io-2.6.jar:/Users/guymorgenshtern/.m2/repository/org/apache/maven/shared/maven-shared-incremental/1.1/maven-shared-incremental-1.1.jar:/Users/guymorgenshtern/.m2/repository/org/codehaus/plexus/plexus-component-annotations/1.5.5/plexus-component-annotations-1.5.5.jar:/Users/guymorgenshtern/.m2/repository/org/codehaus/plexus/plexus-java/1.1.2/plexus-java-1.1.2.jar:/Users/guymorgenshtern/.m2/repository/org/ow2/asm/asm/9.4/asm-9.4.jar:/Users/guymorgenshtern/.m2/repository/com/thoughtworks/qdox/qdox/2.0.3/qdox-2.0.3.jar:/Users/guymorgenshtern/.m2/repository/org/codehaus/plexus/plexus-compiler-api/2.13.0/plexus-compiler-api-2.13.0.jar:/Users/guymorgenshtern/.m2/repository/org/codehaus/plexus/plexus-compiler-manager/2.13.0/plexus-compiler-manager-2.13.0.jar:/Users/guymorgenshtern/.m2/repository/org/codehaus/plexus/plexus-compiler-javac/2.13.0/plexus-compiler-javac-2.13.0.jar:/Users/guymorgenshtern/.m2/repository/org/apache/maven/plugins/maven-jar-plugin/3.3.0/maven-jar-plugin-3.3.0.jar:/Users/guymorgenshtern/.m2/repository/org/apache/maven/shared/file-management/3.1.0/file-management-3.1.0.jar:/Users/guymorgenshtern/.m2/repository/org/slf4j/slf4j-api/2.0.9/slf4j-api-2.0.9.jar:/Users/guymorgenshtern/.m2/repository/org/apache/maven/maven-archiver/3.6.0/maven-archiver-3.6.0.jar:/Users/guymorgenshtern/.m2/repository/org/codehaus/plexus/plexus-io/3.4.0/plexus-io-3.4.0.jar:/Users/guymorgenshtern/.m2/repository/javax/inject/javax.inject/1/javax.inject-1.jar:/Users/guymorgenshtern/.m2/repository/org/codehaus/plexus/plexus-archiver/4.4.0/plexus-archiver-4.4.0.jar:/Users/guymorgenshtern/.m2/repository/org/apache/commons/commons-compress/1.21/commons-compress-1.21.jar:/Users/guymorgenshtern/.m2/repository/org/iq80/snappy/snappy/0.4/snappy-0.4.jar:/Users/guymorgenshtern/.m2/repository/org/tukaani/xz/1.9/xz-1.9.jar:/Users/guymorgenshtern/.m2/repository/org/codehaus/plexus/plexus-interpolation/1.26/plexus-interpolation-1.26.jar:/Users/guymorgenshtern/.m2/repository/org/codehaus/plexus/plexus-utils/3.4.2/plexus-utils-3.4.2.jar:/Users/guymorgenshtern/.m2/repository/org/eclipse/persistence/jakarta.persistence/2.2.3/jakarta.persistence-2.2.3.jar:/Users/guymorgenshtern/.m2/repository/org/eclipse/persistence/org.eclipse.persistence.jpa/4.0.1/org.eclipse.persistence.jpa-4.0.1.jar:/Users/guymorgenshtern/.m2/repository/org/eclipse/persistence/org.eclipse.persistence.asm/9.4.0/org.eclipse.persistence.asm-9.4.0.jar:/Users/guymorgenshtern/.m2/repository/org/eclipse/persistence/org.eclipse.persistence.core/4.0.1/org.eclipse.persistence.core-4.0.1.jar:/Users/guymorgenshtern/.m2/repository/org/eclipse/persistence/org.eclipse.persistence.jpa.jpql/4.0.1/org.eclipse.persistence.jpa.jpql-4.0.1.jar:/Users/guymorgenshtern/.m2/repository/jakarta/persistence/jakarta.persistence-api/3.1.0/jakarta.persistence-api-3.1.0.jar:/Users/guymorgenshtern/.m2/repository/org/xerial/sqlite-jdbc/3.7.2/sqlite-jdbc-3.7.2.jar:/Users/guymorgenshtern/.m2/repository/org/springframework/boot/spring-boot-starter-data-jpa/3.1.4/spring-boot-starter-data-jpa-3.1.4.jar:/Users/guymorgenshtern/.m2/repository/org/springframework/boot/spring-boot-starter-aop/3.1.4/spring-boot-starter-aop-3.1.4.jar:/Users/guymorgenshtern/.m2/repository/org/springframework/spring-aop/6.0.12/spring-aop-6.0.12.jar:/Users/guymorgenshtern/.m2/repository/org/aspectj/aspectjweaver/1.9.20/aspectjweaver-1.9.20.jar:/Users/guymorgenshtern/.m2/repository/org/springframework/boot/spring-boot-starter-jdbc/3.1.4/spring-boot-starter-jdbc-3.1.4.jar:/Users/guymorgenshtern/.m2/repository/com/zaxxer/HikariCP/5.0.1/HikariCP-5.0.1.jar:/Users/guymorgenshtern/.m2/repository/org/springframework/spring-jdbc/6.0.12/spring-jdbc-6.0.12.jar:/Users/guymorgenshtern/.m2/repository/org/hibernate/orm/hibernate-core/6.2.9.Final/hibernate-core-6.2.9.Final.jar:/Users/guymorgenshtern/.m2/repository/jakarta/transaction/jakarta.transaction-api/2.0.1/jakarta.transaction-api-2.0.1.jar:/Users/guymorgenshtern/.m2/repository/org/jboss/logging/jboss-logging/3.5.3.Final/jboss-logging-3.5.3.Final.jar:/Users/guymorgenshtern/.m2/repository/org/hibernate/common/hibernate-commons-annotations/6.0.6.Final/hibernate-commons-annotations-6.0.6.Final.jar:/Users/guymorgenshtern/.m2/repository/io/smallrye/jandex/3.0.5/jandex-3.0.5.jar:/Users/guymorgenshtern/.m2/repository/com/fasterxml/classmate/1.5.1/classmate-1.5.1.jar:/Users/guymorgenshtern/.m2/repository/net/bytebuddy/byte-buddy/1.14.8/byte-buddy-1.14.8.jar:/Users/guymorgenshtern/.m2/repository/org/glassfish/jaxb/jaxb-runtime/4.0.3/jaxb-runtime-4.0.3.jar:/Users/guymorgenshtern/.m2/repository/org/glassfish/jaxb/jaxb-core/4.0.3/jaxb-core-4.0.3.jar:/Users/guymorgenshtern/.m2/repository/org/eclipse/angus/angus-activation/2.0.1/angus-activation-2.0.1.jar:/Users/guymorgenshtern/.m2/repository/org/glassfish/jaxb/txw2/4.0.3/txw2-4.0.3.jar:/Users/guymorgenshtern/.m2/repository/com/sun/istack/istack-commons-runtime/4.1.2/istack-commons-runtime-4.1.2.jar:/Users/guymorgenshtern/.m2/repository/jakarta/inject/jakarta.inject-api/2.0.1/jakarta.inject-api-2.0.1.jar:/Users/guymorgenshtern/.m2/repository/org/antlr/antlr4-runtime/4.10.1/antlr4-runtime-4.10.1.jar:/Users/guymorgenshtern/.m2/repository/org/springframework/data/spring-data-jpa/3.1.4/spring-data-jpa-3.1.4.jar:/Users/guymorgenshtern/.m2/repository/org/springframework/data/spring-data-commons/3.1.4/spring-data-commons-3.1.4.jar:/Users/guymorgenshtern/.m2/repository/org/springframework/spring-orm/6.0.12/spring-orm-6.0.12.jar:/Users/guymorgenshtern/.m2/repository/org/springframework/spring-context/6.0.12/spring-context-6.0.12.jar:/Users/guymorgenshtern/.m2/repository/org/springframework/spring-tx/6.0.12/spring-tx-6.0.12.jar:/Users/guymorgenshtern/.m2/repository/org/springframework/spring-beans/6.0.12/spring-beans-6.0.12.jar:/Users/guymorgenshtern/.m2/repository/jakarta/annotation/jakarta.annotation-api/2.1.1/jakarta.annotation-api-2.1.1.jar:/Users/guymorgenshtern/.m2/repository/org/springframework/spring-aspects/6.0.12/spring-aspects-6.0.12.jar:/Users/guymorgenshtern/.m2/repository/com/h2database/h2/2.1.214/h2-2.1.214.jar:/Users/guymorgenshtern/.m2/repository/org/springframework/boot/spring-boot-starter-web/3.1.4/spring-boot-starter-web-3.1.4.jar:/Users/guymorgenshtern/.m2/repository/org/springframework/boot/spring-boot-starter/3.1.4/spring-boot-starter-3.1.4.jar:/Users/guymorgenshtern/.m2/repository/org/springframework/boot/spring-boot-starter-logging/3.1.4/spring-boot-starter-logging-3.1.4.jar:/Users/guymorgenshtern/.m2/repository/ch/qos/logback/logback-classic/1.4.11/logback-classic-1.4.11.jar:/Users/guymorgenshtern/.m2/repository/ch/qos/logback/logback-core/1.4.11/logback-core-1.4.11.jar:/Users/guymorgenshtern/.m2/repository/org/apache/logging/log4j/log4j-to-slf4j/2.20.0/log4j-to-slf4j-2.20.0.jar:/Users/guymorgenshtern/.m2/repository/org/apache/logging/log4j/log4j-api/2.20.0/log4j-api-2.20.0.jar:/Users/guymorgenshtern/.m2/repository/org/slf4j/jul-to-slf4j/2.0.9/jul-to-slf4j-2.0.9.jar:/Users/guymorgenshtern/.m2/repository/org/yaml/snakeyaml/1.33/snakeyaml-1.33.jar:/Users/guymorgenshtern/.m2/repository/org/springframework/boot/spring-boot-starter-json/3.1.4/spring-boot-starter-json-3.1.4.jar:/Users/guymorgenshtern/.m2/repository/com/fasterxml/jackson/core/jackson-databind/2.15.2/jackson-databind-2.15.2.jar:/Users/guymorgenshtern/.m2/repository/com/fasterxml/jackson/core/jackson-core/2.15.2/jackson-core-2.15.2.jar:/Users/guymorgenshtern/.m2/repository/com/fasterxml/jackson/datatype/jackson-datatype-jdk8/2.15.2/jackson-datatype-jdk8-2.15.2.jar:/Users/guymorgenshtern/.m2/repository/com/fasterxml/jackson/datatype/jackson-datatype-jsr310/2.15.2/jackson-datatype-jsr310-2.15.2.jar:/Users/guymorgenshtern/.m2/repository/com/fasterxml/jackson/module/jackson-module-parameter-names/2.15.2/jackson-module-parameter-names-2.15.2.jar:/Users/guymorgenshtern/.m2/repository/org/springframework/boot/spring-boot-starter-tomcat/3.1.4/spring-boot-starter-tomcat-3.1.4.jar:/Users/guymorgenshtern/.m2/repository/org/apache/tomcat/embed/tomcat-embed-core/10.1.13/tomcat-embed-core-10.1.13.jar:/Users/guymorgenshtern/.m2/repository/org/apache/tomcat/embed/tomcat-embed-el/10.1.13/tomcat-embed-el-10.1.13.jar:/Users/guymorgenshtern/.m2/repository/org/apache/tomcat/embed/tomcat-embed-websocket/10.1.13/tomcat-embed-websocket-10.1.13.jar:/Users/guymorgenshtern/.m2/repository/org/springframework/spring-web/6.0.12/spring-web-6.0.12.jar:/Users/guymorgenshtern/.m2/repository/io/micrometer/micrometer-observation/1.11.4/micrometer-observation-1.11.4.jar:/Users/guymorgenshtern/.m2/repository/io/micrometer/micrometer-commons/1.11.4/micrometer-commons-1.11.4.jar:/Users/guymorgenshtern/.m2/repository/org/springframework/spring-webmvc/6.0.12/spring-webmvc-6.0.12.jar:/Users/guymorgenshtern/.m2/repository/org/springframework/spring-expression/6.0.12/spring-expression-6.0.12.jar:/Users/guymorgenshtern/.m2/repository/org/springframework/boot/spring-boot-starter-thymeleaf/3.1.4/spring-boot-starter-thymeleaf-3.1.4.jar:/Users/guymorgenshtern/.m2/repository/org/thymeleaf/thymeleaf-spring6/3.1.2.RELEASE/thymeleaf-spring6-3.1.2.RELEASE.jar:/Users/guymorgenshtern/.m2/repository/org/thymeleaf/thymeleaf/3.1.2.RELEASE/thymeleaf-3.1.2.RELEASE.jar:/Users/guymorgenshtern/.m2/repository/org/attoparser/attoparser/2.0.7.RELEASE/attoparser-2.0.7.RELEASE.jar:/Users/guymorgenshtern/.m2/repository/org/unbescape/unbescape/1.1.6.RELEASE/unbescape-1.1.6.RELEASE.jar:/Users/guymorgenshtern/.m2/repository/org/springframework/boot/spring-boot-devtools/3.1.4/spring-boot-devtools-3.1.4.jar:/Users/guymorgenshtern/.m2/repository/org/springframework/boot/spring-boot/3.1.4/spring-boot-3.1.4.jar:/Users/guymorgenshtern/.m2/repository/org/springframework/boot/spring-boot-autoconfigure/3.1.4/spring-boot-autoconfigure-3.1.4.jar:/Users/guymorgenshtern/.m2/repository/org/springframework/boot/spring-boot-starter-test/3.1.4/spring-boot-starter-test-3.1.4.jar:/Users/guymorgenshtern/.m2/repository/org/springframework/boot/spring-boot-test/3.1.4/spring-boot-test-3.1.4.jar:/Users/guymorgenshtern/.m2/repository/org/springframework/boot/spring-boot-test-autoconfigure/3.1.4/spring-boot-test-autoconfigure-3.1.4.jar:/Users/guymorgenshtern/.m2/repository/com/jayway/jsonpath/json-path/2.8.0/json-path-2.8.0.jar:/Users/guymorgenshtern/.m2/repository/jakarta/xml/bind/jakarta.xml.bind-api/4.0.1/jakarta.xml.bind-api-4.0.1.jar:/Users/guymorgenshtern/.m2/repository/jakarta/activation/jakarta.activation-api/2.1.2/jakarta.activation-api-2.1.2.jar:/Users/guymorgenshtern/.m2/repository/net/minidev/json-smart/2.4.11/json-smart-2.4.11.jar:/Users/guymorgenshtern/.m2/repository/net/minidev/accessors-smart/2.4.11/accessors-smart-2.4.11.jar:/Users/guymorgenshtern/.m2/repository/org/assertj/assertj-core/3.24.2/assertj-core-3.24.2.jar:/Users/guymorgenshtern/.m2/repository/org/hamcrest/hamcrest/2.2/hamcrest-2.2.jar:/Users/guymorgenshtern/.m2/repository/org/junit/jupiter/junit-jupiter/5.9.3/junit-jupiter-5.9.3.jar:/Users/guymorgenshtern/.m2/repository/org/junit/jupiter/junit-jupiter-api/5.9.3/junit-jupiter-api-5.9.3.jar:/Users/guymorgenshtern/.m2/repository/org/opentest4j/opentest4j/1.2.0/opentest4j-1.2.0.jar:/Users/guymorgenshtern/.m2/repository/org/junit/platform/junit-platform-commons/1.9.3/junit-platform-commons-1.9.3.jar:/Users/guymorgenshtern/.m2/repository/org/apiguardian/apiguardian-api/1.1.2/apiguardian-api-1.1.2.jar:/Users/guymorgenshtern/.m2/repository/org/junit/jupiter/junit-jupiter-params/5.9.3/junit-jupiter-params-5.9.3.jar:/Users/guymorgenshtern/.m2/repository/org/junit/jupiter/junit-jupiter-engine/5.9.3/junit-jupiter-engine-5.9.3.jar:/Users/guymorgenshtern/.m2/repository/org/junit/platform/junit-platform-engine/1.9.3/junit-platform-engine-1.9.3.jar:/Users/guymorgenshtern/.m2/repository/org/mockito/mockito-core/5.3.1/mockito-core-5.3.1.jar:/Users/guymorgenshtern/.m2/repository/net/bytebuddy/byte-buddy-agent/1.14.8/byte-buddy-agent-1.14.8.jar:/Users/guymorgenshtern/.m2/repository/org/objenesis/objenesis/3.3/objenesis-3.3.jar:/Users/guymorgenshtern/.m2/repository/org/mockito/mockito-junit-jupiter/5.3.1/mockito-junit-jupiter-5.3.1.jar:/Users/guymorgenshtern/.m2/repository/org/skyscreamer/jsonassert/1.5.1/jsonassert-1.5.1.jar:/Users/guymorgenshtern/.m2/repository/com/vaadin/external/google/android-json/0.0.20131108.vaadin1/android-json-0.0.20131108.vaadin1.jar:/Users/guymorgenshtern/.m2/repository/org/springframework/spring-core/6.0.12/spring-core-6.0.12.jar:/Users/guymorgenshtern/.m2/repository/org/springframework/spring-jcl/6.0.12/spring-jcl-6.0.12.jar:/Users/guymorgenshtern/.m2/repository/org/springframework/spring-test/6.0.12/spring-test-6.0.12.jar:/Users/guymorgenshtern/.m2/repository/org/xmlunit/xmlunit-core/2.9.1/xmlunit-core-2.9.1.jar:/Users/guymorgenshtern/.m2/repository/org/springframework/boot/spring-boot-starter-data-rest/3.1.4/spring-boot-starter-data-rest-3.1.4.jar:/Users/guymorgenshtern/.m2/repository/org/springframework/data/spring-data-rest-webmvc/4.1.4/spring-data-rest-webmvc-4.1.4.jar:/Users/guymorgenshtern/.m2/repository/org/springframework/data/spring-data-rest-core/4.1.4/spring-data-rest-core-4.1.4.jar:/Users/guymorgenshtern/.m2/repository/org/springframework/hateoas/spring-hateoas/2.1.2/spring-hateoas-2.1.2.jar:/Users/guymorgenshtern/.m2/repository/org/springframework/plugin/spring-plugin-core/3.0.0/spring-plugin-core-3.0.0.jar:/Users/guymorgenshtern/.m2/repository/org/atteo/evo-inflector/1.3/evo-inflector-1.3.jar:/Users/guymorgenshtern/.m2/repository/com/fasterxml/jackson/core/jackson-annotations/2.15.2/jackson-annotations-2.15.2.jar:"/>
    <property name="java.vm.vendor" value="Homebrew"/>
    <property name="sun.arch.data.model" value="64"/>
    <property name="java.vendor.url" value="https://github.com/Homebrew/homebrew-core/issues"/>
    <property name="user.timezone" value="America/Toronto"/>
    <property name="org.jboss.logging.provider" value="slf4j"/>
    <property name="os.name" value="Mac OS X"/>
    <property name="java.vm.specification.version" value="20"/>
    <property name="sun.java.launcher" value="SUN_STANDARD"/>
    <property name="user.country" value="GB"/>
    <property name="sun.boot.library.path" value="/usr/local/Cellar/openjdk/20.0.2/libexec/openjdk.jdk/Contents/Home/lib"/>
    <property name="sun.java.command" value="/Users/guymorgenshtern/Desktop/Carleton University/fourthyear/SYSC4806 - Software Lab/Lab3-DIWithSpring/target/surefire/surefirebooter-20231014202201690_3.jar /Users/guymorgenshtern/Desktop/Carleton University/fourthyear/SYSC4806 - Software Lab/Lab3-DIWithSpring/target/surefire 2023-10-14T20-22-01_593-jvmRun1 surefire-20231014202201690_1tmp surefire_0-20231014202201690_2tmp"/>
    <property name="http.nonProxyHosts" value="local|*.local|169.254/16|*.169.254/16"/>
    <property name="jdk.debug" value="release"/>
    <property name="surefire.test.class.path" value="/Users/guymorgenshtern/Desktop/Carleton University/fourthyear/SYSC4806 - Software Lab/Lab3-DIWithSpring/target/test-classes:/Users/guymorgenshtern/Desktop/Carleton University/fourthyear/SYSC4806 - Software Lab/Lab3-DIWithSpring/target/classes:/Users/guymorgenshtern/.m2/repository/junit/junit/4.12/junit-4.12.jar:/Users/guymorgenshtern/.m2/repository/org/hamcrest/hamcrest-core/2.2/hamcrest-core-2.2.jar:/Users/guymorgenshtern/.m2/repository/org/apache/maven/plugins/maven-compiler-plugin/3.11.0/maven-compiler-plugin-3.11.0.jar:/Users/guymorgenshtern/.m2/repository/org/apache/maven/shared/maven-shared-utils/3.3.4/maven-shared-utils-3.3.4.jar:/Users/guymorgenshtern/.m2/repository/commons-io/commons-io/2.6/commons-io-2.6.jar:/Users/guymorgenshtern/.m2/repository/org/apache/maven/shared/maven-shared-incremental/1.1/maven-shared-incremental-1.1.jar:/Users/guymorgenshtern/.m2/repository/org/codehaus/plexus/plexus-component-annotations/1.5.5/plexus-component-annotations-1.5.5.jar:/Users/guymorgenshtern/.m2/repository/org/codehaus/plexus/plexus-java/1.1.2/plexus-java-1.1.2.jar:/Users/guymorgenshtern/.m2/repository/org/ow2/asm/asm/9.4/asm-9.4.jar:/Users/guymorgenshtern/.m2/repository/com/thoughtworks/qdox/qdox/2.0.3/qdox-2.0.3.jar:/Users/guymorgenshtern/.m2/repository/org/codehaus/plexus/plexus-compiler-api/2.13.0/plexus-compiler-api-2.13.0.jar:/Users/guymorgenshtern/.m2/repository/org/codehaus/plexus/plexus-compiler-manager/2.13.0/plexus-compiler-manager-2.13.0.jar:/Users/guymorgenshtern/.m2/repository/org/codehaus/plexus/plexus-compiler-javac/2.13.0/plexus-compiler-javac-2.13.0.jar:/Users/guymorgenshtern/.m2/repository/org/apache/maven/plugins/maven-jar-plugin/3.3.0/maven-jar-plugin-3.3.0.jar:/Users/guymorgenshtern/.m2/repository/org/apache/maven/shared/file-management/3.1.0/file-management-3.1.0.jar:/Users/guymorgenshtern/.m2/repository/org/slf4j/slf4j-api/2.0.9/slf4j-api-2.0.9.jar:/Users/guymorgenshtern/.m2/repository/org/apache/maven/maven-archiver/3.6.0/maven-archiver-3.6.0.jar:/Users/guymorgenshtern/.m2/repository/org/codehaus/plexus/plexus-io/3.4.0/plexus-io-3.4.0.jar:/Users/guymorgenshtern/.m2/repository/javax/inject/javax.inject/1/javax.inject-1.jar:/Users/guymorgenshtern/.m2/repository/org/codehaus/plexus/plexus-archiver/4.4.0/plexus-archiver-4.4.0.jar:/Users/guymorgenshtern/.m2/repository/org/apache/commons/commons-compress/1.21/commons-compress-1.21.jar:/Users/guymorgenshtern/.m2/repository/org/iq80/snappy/snappy/0.4/snappy-0.4.jar:/Users/guymorgenshtern/.m2/repository/org/tukaani/xz/1.9/xz-1.9.jar:/Users/guymorgenshtern/.m2/repository/org/codehaus/plexus/plexus-interpolation/1.26/plexus-interpolation-1.26.jar:/Users/guymorgenshtern/.m2/repository/org/codehaus/plexus/plexus-utils/3.4.2/plexus-utils-3.4.2.jar:/Users/guymorgenshtern/.m2/repository/org/eclipse/persistence/jakarta.persistence/2.2.3/jakarta.persistence-2.2.3.jar:/Users/guymorgenshtern/.m2/repository/org/eclipse/persistence/org.eclipse.persistence.jpa/4.0.1/org.eclipse.persistence.jpa-4.0.1.jar:/Users/guymorgenshtern/.m2/repository/org/eclipse/persistence/org.eclipse.persistence.asm/9.4.0/org.eclipse.persistence.asm-9.4.0.jar:/Users/guymorgenshtern/.m2/repository/org/eclipse/persistence/org.eclipse.persistence.core/4.0.1/org.eclipse.persistence.core-4.0.1.jar:/Users/guymorgenshtern/.m2/repository/org/eclipse/persistence/org.eclipse.persistence.jpa.jpql/4.0.1/org.eclipse.persistence.jpa.jpql-4.0.1.jar:/Users/guymorgenshtern/.m2/repository/jakarta/persistence/jakarta.persistence-api/3.1.0/jakarta.persistence-api-3.1.0.jar:/Users/guymorgenshtern/.m2/repository/org/xerial/sqlite-jdbc/3.7.2/sqlite-jdbc-3.7.2.jar:/Users/guymorgenshtern/.m2/repository/org/springframework/boot/spring-boot-starter-data-jpa/3.1.4/spring-boot-starter-data-jpa-3.1.4.jar:/Users/guymorgenshtern/.m2/repository/org/springframework/boot/spring-boot-starter-aop/3.1.4/spring-boot-starter-aop-3.1.4.jar:/Users/guymorgenshtern/.m2/repository/org/springframework/spring-aop/6.0.12/spring-aop-6.0.12.jar:/Users/guymorgenshtern/.m2/repository/org/aspectj/aspectjweaver/1.9.20/aspectjweaver-1.9.20.jar:/Users/guymorgenshtern/.m2/repository/org/springframework/boot/spring-boot-starter-jdbc/3.1.4/spring-boot-starter-jdbc-3.1.4.jar:/Users/guymorgenshtern/.m2/repository/com/zaxxer/HikariCP/5.0.1/HikariCP-5.0.1.jar:/Users/guymorgenshtern/.m2/repository/org/springframework/spring-jdbc/6.0.12/spring-jdbc-6.0.12.jar:/Users/guymorgenshtern/.m2/repository/org/hibernate/orm/hibernate-core/6.2.9.Final/hibernate-core-6.2.9.Final.jar:/Users/guymorgenshtern/.m2/repository/jakarta/transaction/jakarta.transaction-api/2.0.1/jakarta.transaction-api-2.0.1.jar:/Users/guymorgenshtern/.m2/repository/org/jboss/logging/jboss-logging/3.5.3.Final/jboss-logging-3.5.3.Final.jar:/Users/guymorgenshtern/.m2/repository/org/hibernate/common/hibernate-commons-annotations/6.0.6.Final/hibernate-commons-annotations-6.0.6.Final.jar:/Users/guymorgenshtern/.m2/repository/io/smallrye/jandex/3.0.5/jandex-3.0.5.jar:/Users/guymorgenshtern/.m2/repository/com/fasterxml/classmate/1.5.1/classmate-1.5.1.jar:/Users/guymorgenshtern/.m2/repository/net/bytebuddy/byte-buddy/1.14.8/byte-buddy-1.14.8.jar:/Users/guymorgenshtern/.m2/repository/org/glassfish/jaxb/jaxb-runtime/4.0.3/jaxb-runtime-4.0.3.jar:/Users/guymorgenshtern/.m2/repository/org/glassfish/jaxb/jaxb-core/4.0.3/jaxb-core-4.0.3.jar:/Users/guymorgenshtern/.m2/repository/org/eclipse/angus/angus-activation/2.0.1/angus-activation-2.0.1.jar:/Users/guymorgenshtern/.m2/repository/org/glassfish/jaxb/txw2/4.0.3/txw2-4.0.3.jar:/Users/guymorgenshtern/.m2/repository/com/sun/istack/istack-commons-runtime/4.1.2/istack-commons-runtime-4.1.2.jar:/Users/guymorgenshtern/.m2/repository/jakarta/inject/jakarta.inject-api/2.0.1/jakarta.inject-api-2.0.1.jar:/Users/guymorgenshtern/.m2/repository/org/antlr/antlr4-runtime/4.10.1/antlr4-runtime-4.10.1.jar:/Users/guymorgenshtern/.m2/repository/org/springframework/data/spring-data-jpa/3.1.4/spring-data-jpa-3.1.4.jar:/Users/guymorgenshtern/.m2/repository/org/springframework/data/spring-data-commons/3.1.4/spring-data-commons-3.1.4.jar:/Users/guymorgenshtern/.m2/repository/org/springframework/spring-orm/6.0.12/spring-orm-6.0.12.jar:/Users/guymorgenshtern/.m2/repository/org/springframework/spring-context/6.0.12/spring-context-6.0.12.jar:/Users/guymorgenshtern/.m2/repository/org/springframework/spring-tx/6.0.12/spring-tx-6.0.12.jar:/Users/guymorgenshtern/.m2/repository/org/springframework/spring-beans/6.0.12/spring-beans-6.0.12.jar:/Users/guymorgenshtern/.m2/repository/jakarta/annotation/jakarta.annotation-api/2.1.1/jakarta.annotation-api-2.1.1.jar:/Users/guymorgenshtern/.m2/repository/org/springframework/spring-aspects/6.0.12/spring-aspects-6.0.12.jar:/Users/guymorgenshtern/.m2/repository/com/h2database/h2/2.1.214/h2-2.1.214.jar:/Users/guymorgenshtern/.m2/repository/org/springframework/boot/spring-boot-starter-web/3.1.4/spring-boot-starter-web-3.1.4.jar:/Users/guymorgenshtern/.m2/repository/org/springframework/boot/spring-boot-starter/3.1.4/spring-boot-starter-3.1.4.jar:/Users/guymorgenshtern/.m2/repository/org/springframework/boot/spring-boot-starter-logging/3.1.4/spring-boot-starter-logging-3.1.4.jar:/Users/guymorgenshtern/.m2/repository/ch/qos/logback/logback-classic/1.4.11/logback-classic-1.4.11.jar:/Users/guymorgenshtern/.m2/repository/ch/qos/logback/logback-core/1.4.11/logback-core-1.4.11.jar:/Users/guymorgenshtern/.m2/repository/org/apache/logging/log4j/log4j-to-slf4j/2.20.0/log4j-to-slf4j-2.20.0.jar:/Users/guymorgenshtern/.m2/repository/org/apache/logging/log4j/log4j-api/2.20.0/log4j-api-2.20.0.jar:/Users/guymorgenshtern/.m2/repository/org/slf4j/jul-to-slf4j/2.0.9/jul-to-slf4j-2.0.9.jar:/Users/guymorgenshtern/.m2/repository/org/yaml/snakeyaml/1.33/snakeyaml-1.33.jar:/Users/guymorgenshtern/.m2/repository/org/springframework/boot/spring-boot-starter-json/3.1.4/spring-boot-starter-json-3.1.4.jar:/Users/guymorgenshtern/.m2/repository/com/fasterxml/jackson/core/jackson-databind/2.15.2/jackson-databind-2.15.2.jar:/Users/guymorgenshtern/.m2/repository/com/fasterxml/jackson/core/jackson-core/2.15.2/jackson-core-2.15.2.jar:/Users/guymorgenshtern/.m2/repository/com/fasterxml/jackson/datatype/jackson-datatype-jdk8/2.15.2/jackson-datatype-jdk8-2.15.2.jar:/Users/guymorgenshtern/.m2/repository/com/fasterxml/jackson/datatype/jackson-datatype-jsr310/2.15.2/jackson-datatype-jsr310-2.15.2.jar:/Users/guymorgenshtern/.m2/repository/com/fasterxml/jackson/module/jackson-module-parameter-names/2.15.2/jackson-module-parameter-names-2.15.2.jar:/Users/guymorgenshtern/.m2/repository/org/springframework/boot/spring-boot-starter-tomcat/3.1.4/spring-boot-starter-tomcat-3.1.4.jar:/Users/guymorgenshtern/.m2/repository/org/apache/tomcat/embed/tomcat-embed-core/10.1.13/tomcat-embed-core-10.1.13.jar:/Users/guymorgenshtern/.m2/repository/org/apache/tomcat/embed/tomcat-embed-el/10.1.13/tomcat-embed-el-10.1.13.jar:/Users/guymorgenshtern/.m2/repository/org/apache/tomcat/embed/tomcat-embed-websocket/10.1.13/tomcat-embed-websocket-10.1.13.jar:/Users/guymorgenshtern/.m2/repository/org/springframework/spring-web/6.0.12/spring-web-6.0.12.jar:/Users/guymorgenshtern/.m2/repository/io/micrometer/micrometer-observation/1.11.4/micrometer-observation-1.11.4.jar:/Users/guymorgenshtern/.m2/repository/io/micrometer/micrometer-commons/1.11.4/micrometer-commons-1.11.4.jar:/Users/guymorgenshtern/.m2/repository/org/springframework/spring-webmvc/6.0.12/spring-webmvc-6.0.12.jar:/Users/guymorgenshtern/.m2/repository/org/springframework/spring-expression/6.0.12/spring-expression-6.0.12.jar:/Users/guymorgenshtern/.m2/repository/org/springframework/boot/spring-boot-starter-thymeleaf/3.1.4/spring-boot-starter-thymeleaf-3.1.4.jar:/Users/guymorgenshtern/.m2/repository/org/thymeleaf/thymeleaf-spring6/3.1.2.RELEASE/thymeleaf-spring6-3.1.2.RELEASE.jar:/Users/guymorgenshtern/.m2/repository/org/thymeleaf/thymeleaf/3.1.2.RELEASE/thymeleaf-3.1.2.RELEASE.jar:/Users/guymorgenshtern/.m2/repository/org/attoparser/attoparser/2.0.7.RELEASE/attoparser-2.0.7.RELEASE.jar:/Users/guymorgenshtern/.m2/repository/org/unbescape/unbescape/1.1.6.RELEASE/unbescape-1.1.6.RELEASE.jar:/Users/guymorgenshtern/.m2/repository/org/springframework/boot/spring-boot-devtools/3.1.4/spring-boot-devtools-3.1.4.jar:/Users/guymorgenshtern/.m2/repository/org/springframework/boot/spring-boot/3.1.4/spring-boot-3.1.4.jar:/Users/guymorgenshtern/.m2/repository/org/springframework/boot/spring-boot-autoconfigure/3.1.4/spring-boot-autoconfigure-3.1.4.jar:/Users/guymorgenshtern/.m2/repository/org/springframework/boot/spring-boot-starter-test/3.1.4/spring-boot-starter-test-3.1.4.jar:/Users/guymorgenshtern/.m2/repository/org/springframework/boot/spring-boot-test/3.1.4/spring-boot-test-3.1.4.jar:/Users/guymorgenshtern/.m2/repository/org/springframework/boot/spring-boot-test-autoconfigure/3.1.4/spring-boot-test-autoconfigure-3.1.4.jar:/Users/guymorgenshtern/.m2/repository/com/jayway/jsonpath/json-path/2.8.0/json-path-2.8.0.jar:/Users/guymorgenshtern/.m2/repository/jakarta/xml/bind/jakarta.xml.bind-api/4.0.1/jakarta.xml.bind-api-4.0.1.jar:/Users/guymorgenshtern/.m2/repository/jakarta/activation/jakarta.activation-api/2.1.2/jakarta.activation-api-2.1.2.jar:/Users/guymorgenshtern/.m2/repository/net/minidev/json-smart/2.4.11/json-smart-2.4.11.jar:/Users/guymorgenshtern/.m2/repository/net/minidev/accessors-smart/2.4.11/accessors-smart-2.4.11.jar:/Users/guymorgenshtern/.m2/repository/org/assertj/assertj-core/3.24.2/assertj-core-3.24.2.jar:/Users/guymorgenshtern/.m2/repository/org/hamcrest/hamcrest/2.2/hamcrest-2.2.jar:/Users/guymorgenshtern/.m2/repository/org/junit/jupiter/junit-jupiter/5.9.3/junit-jupiter-5.9.3.jar:/Users/guymorgenshtern/.m2/repository/org/junit/jupiter/junit-jupiter-api/5.9.3/junit-jupiter-api-5.9.3.jar:/Users/guymorgenshtern/.m2/repository/org/opentest4j/opentest4j/1.2.0/opentest4j-1.2.0.jar:/Users/guymorgenshtern/.m2/repository/org/junit/platform/junit-platform-commons/1.9.3/junit-platform-commons-1.9.3.jar:/Users/guymorgenshtern/.m2/repository/org/apiguardian/apiguardian-api/1.1.2/apiguardian-api-1.1.2.jar:/Users/guymorgenshtern/.m2/repository/org/junit/jupiter/junit-jupiter-params/5.9.3/junit-jupiter-params-5.9.3.jar:/Users/guymorgenshtern/.m2/repository/org/junit/jupiter/junit-jupiter-engine/5.9.3/junit-jupiter-engine-5.9.3.jar:/Users/guymorgenshtern/.m2/repository/org/junit/platform/junit-platform-engine/1.9.3/junit-platform-engine-1.9.3.jar:/Users/guymorgenshtern/.m2/repository/org/mockito/mockito-core/5.3.1/mockito-core-5.3.1.jar:/Users/guymorgenshtern/.m2/repository/net/bytebuddy/byte-buddy-agent/1.14.8/byte-buddy-agent-1.14.8.jar:/Users/guymorgenshtern/.m2/repository/org/objenesis/objenesis/3.3/objenesis-3.3.jar:/Users/guymorgenshtern/.m2/repository/org/mockito/mockito-junit-jupiter/5.3.1/mockito-junit-jupiter-5.3.1.jar:/Users/guymorgenshtern/.m2/repository/org/skyscreamer/jsonassert/1.5.1/jsonassert-1.5.1.jar:/Users/guymorgenshtern/.m2/repository/com/vaadin/external/google/android-json/0.0.20131108.vaadin1/android-json-0.0.20131108.vaadin1.jar:/Users/guymorgenshtern/.m2/repository/org/springframework/spring-core/6.0.12/spring-core-6.0.12.jar:/Users/guymorgenshtern/.m2/repository/org/springframework/spring-jcl/6.0.12/spring-jcl-6.0.12.jar:/Users/guymorgenshtern/.m2/repository/org/springframework/spring-test/6.0.12/spring-test-6.0.12.jar:/Users/guymorgenshtern/.m2/repository/org/xmlunit/xmlunit-core/2.9.1/xmlunit-core-2.9.1.jar:/Users/guymorgenshtern/.m2/repository/org/springframework/boot/spring-boot-starter-data-rest/3.1.4/spring-boot-starter-data-rest-3.1.4.jar:/Users/guymorgenshtern/.m2/repository/org/springframework/data/spring-data-rest-webmvc/4.1.4/spring-data-rest-webmvc-4.1.4.jar:/Users/guymorgenshtern/.m2/repository/org/springframework/data/spring-data-rest-core/4.1.4/spring-data-rest-core-4.1.4.jar:/Users/guymorgenshtern/.m2/repository/org/springframework/hateoas/spring-hateoas/2.1.2/spring-hateoas-2.1.2.jar:/Users/guymorgenshtern/.m2/repository/org/springframework/plugin/spring-plugin-core/3.0.0/spring-plugin-core-3.0.0.jar:/Users/guymorgenshtern/.m2/repository/org/atteo/evo-inflector/1.3/evo-inflector-1.3.jar:/Users/guymorgenshtern/.m2/repository/com/fasterxml/jackson/core/jackson-annotations/2.15.2/jackson-annotations-2.15.2.jar:"/>
    <property name="sun.cpu.endian" value="little"/>
    <property name="user.home" value="/Users/guymorgenshtern"/>
    <property name="user.language" value="en"/>
    <property name="java.specification.vendor" value="Oracle Corporation"/>
    <property name="java.version.date" value="2023-07-18"/>
    <property name="java.home" value="/usr/local/Cellar/openjdk/20.0.2/libexec/openjdk.jdk/Contents/Home"/>
    <property name="file.separator" value="/"/>
    <property name="basedir" value="/Users/guymorgenshtern/Desktop/Carleton University/fourthyear/SYSC4806 - Software Lab/Lab3-DIWithSpring"/>
    <property name="java.vm.compressedOopsMode" value="Zero based"/>
    <property name="line.separator" value="&#10;"/>
    <property name="java.vm.specification.vendor" value="Oracle Corporation"/>
    <property name="java.specification.name" value="Java Platform API Specification"/>
    <property name="FILE_LOG_CHARSET" value="UTF-8"/>
    <property name="java.awt.headless" value="true"/>
    <property name="apple.awt.application.name" value="ForkedBooter"/>
    <property name="surefire.real.class.path" value="/Users/guymorgenshtern/Desktop/Carleton University/fourthyear/SYSC4806 - Software Lab/Lab3-DIWithSpring/target/surefire/surefirebooter-20231014202201690_3.jar"/>
    <property name="sun.management.compiler" value="HotSpot 64-Bit Tiered Compilers"/>
    <property name="ftp.nonProxyHosts" value="local|*.local|169.254/16|*.169.254/16"/>
    <property name="java.runtime.version" value="20.0.2"/>
    <property name="user.name" value="guymorgenshtern"/>
    <property name="stdout.encoding" value="UTF-8"/>
    <property name="path.separator" value=":"/>
    <property name="os.version" value="13.2.1"/>
    <property name="java.runtime.name" value="OpenJDK Runtime Environment"/>
    <property name="file.encoding" value="UTF-8"/>
    <property name="java.vm.name" value="OpenJDK 64-Bit Server VM"/>
    <property name="java.vendor.version" value="Homebrew"/>
    <property name="localRepository" value="/Users/guymorgenshtern/.m2/repository"/>
    <property name="java.vendor.url.bug" value="https://github.com/Homebrew/homebrew-core/issues"/>
    <property name="java.io.tmpdir" value="/var/folders/k0/ry7zzbz11gg1hwzyyzky3z4m0000gn/T/"/>
    <property name="com.zaxxer.hikari.pool_number" value="2"/>
    <property name="java.version" value="20.0.2"/>
    <property name="user.dir" value="/Users/guymorgenshtern/Desktop/Carleton University/fourthyear/SYSC4806 - Software Lab/Lab3-DIWithSpring"/>
    <property name="os.arch" value="x86_64"/>
    <property name="java.vm.specification.name" value="Java Virtual Machine Specification"/>
    <property name="PID" value="2022"/>
    <property name="CONSOLE_LOG_CHARSET" value="UTF-8"/>
    <property name="native.encoding" value="UTF-8"/>
    <property name="java.library.path" value="/Users/guymorgenshtern/Library/Java/Extensions:/Library/Java/Extensions:/Network/Library/Java/Extensions:/System/Library/Java/Extensions:/usr/lib/java:."/>
    <property name="java.vm.info" value="mixed mode, sharing"/>
    <property name="stderr.encoding" value="UTF-8"/>
    <property name="java.vendor" value="Homebrew"/>
    <property name="java.vm.version" value="20.0.2"/>
    <property name="sun.io.unicode.encoding" value="UnicodeBig"/>
    <property name="socksNonProxyHosts" value="local|*.local|169.254/16|*.169.254/16"/>
    <property name="java.class.version" value="64.0"/>
  </properties>
  <testcase name="contextLoads" classname="org.example.SmokeTest" time="0.057">
    <system-out><![CDATA[2023-10-14T20:22:07.539-04:00  INFO 2022 --- [           main] t.c.s.AnnotationConfigContextLoaderUtils : Could not detect default configuration classes for test class [org.example.SmokeTest]: SmokeTest does not declare any static, non-private, non-final, nested classes annotated with @Configuration.
2023-10-14T20:22:07.541-04:00  INFO 2022 --- [           main] .b.t.c.SpringBootTestContextBootstrapper : Found @SpringBootConfiguration org.example.AccessingDataJPAApplication for test class org.example.SmokeTest

  .   ____          _            __ _ _
 /\\ / ___'_ __ _ _(_)_ __  __ _ \ \ \ \
( ( )\___ | '_ | '_| | '_ \/ _` | \ \ \ \
 \\/  ___)| |_)| | | | | || (_| |  ) ) ) )
  '  |____| .__|_| |_|_| |_\__, | / / / /
 =========|_|==============|___/=/_/_/_/
 :: Spring Boot ::                (v3.1.4)

2023-10-14T20:22:07.566-04:00  INFO 2022 --- [           main] org.example.SmokeTest                    : Starting SmokeTest using Java 20.0.2 with PID 2022 (started by guymorgenshtern in /Users/guymorgenshtern/Desktop/Carleton University/fourthyear/SYSC4806 - Software Lab/Lab3-DIWithSpring)
2023-10-14T20:22:07.566-04:00  INFO 2022 --- [           main] org.example.SmokeTest                    : No active profile set, falling back to 1 default profile: "default"
2023-10-14T20:22:07.722-04:00  INFO 2022 --- [           main] .s.d.r.c.RepositoryConfigurationDelegate : Bootstrapping Spring Data JPA repositories in DEFAULT mode.
2023-10-14T20:22:07.733-04:00  INFO 2022 --- [           main] .s.d.r.c.RepositoryConfigurationDelegate : Finished Spring Data repository scanning in 10 ms. Found 2 JPA repository interfaces.
2023-10-14T20:22:07.816-04:00  INFO 2022 --- [           main] com.zaxxer.hikari.HikariDataSource       : HikariPool-2 - Starting...
2023-10-14T20:22:07.818-04:00  INFO 2022 --- [           main] com.zaxxer.hikari.pool.HikariPool        : HikariPool-2 - Added connection conn10: url=jdbc:h2:mem:8cbc7ebe-484e-4e00-a384-fbfd2b48b3cc user=SA
2023-10-14T20:22:07.818-04:00  INFO 2022 --- [           main] com.zaxxer.hikari.HikariDataSource       : HikariPool-2 - Start completed.
2023-10-14T20:22:07.819-04:00  INFO 2022 --- [           main] o.hibernate.jpa.internal.util.LogHelper  : HHH000204: Processing PersistenceUnitInfo [name: default]
2023-10-14T20:22:07.823-04:00  INFO 2022 --- [           main] o.h.b.i.BytecodeProviderInitiator        : HHH000021: Bytecode provider name : bytebuddy
2023-10-14T20:22:07.824-04:00  INFO 2022 --- [           main] o.s.o.j.p.SpringPersistenceUnitInfo      : No LoadTimeWeaver setup: ignoring JPA class transformer
2023-10-14T20:22:07.834-04:00  INFO 2022 --- [           main] o.h.b.i.BytecodeProviderInitiator        : HHH000021: Bytecode provider name : bytebuddy
2023-10-14T20:22:07.873-04:00  INFO 2022 --- [           main] o.h.e.t.j.p.i.JtaPlatformInitiator       : HHH000490: Using JtaPlatform implementation: [org.hibernate.engine.transaction.jta.platform.internal.NoJtaPlatform]
2023-10-14T20:22:07.880-04:00  INFO 2022 --- [           main] j.LocalContainerEntityManagerFactoryBean : Initialized JPA EntityManagerFactory for persistence unit 'default'
2023-10-14T20:22:07.881-04:00  INFO 2022 --- [           main] f.a.AutowiredAnnotationBeanPostProcessor : Autowired annotation is not supported on static methods: public static void org.example.AccessingDataJPAApplication.main(java.lang.String[])
2023-10-14T20:22:07.938-04:00  WARN 2022 --- [           main] JpaBaseConfiguration$JpaWebConfiguration : spring.jpa.open-in-view is enabled by default. Therefore, database queries may be performed during view rendering. Explicitly configure spring.jpa.open-in-view to disable this warning
2023-10-14T20:22:08.107-04:00  INFO 2022 --- [           main] org.example.SmokeTest                    : Started SmokeTest in 0.562 seconds (process running for 6.333)
2023-10-14T20:22:08.111-04:00  INFO 2022 --- [           main] o.example.AccessingDataJPAApplication    : BuddyInfo using findAll()
2023-10-14T20:22:08.111-04:00  INFO 2022 --- [           main] o.example.AccessingDataJPAApplication    : --------------------------
2023-10-14T20:22:08.114-04:00  INFO 2022 --- [           main] o.example.AccessingDataJPAApplication    : 
---Guy---
ID: 1 
Phone #: 123 
Address: 1 address
2023-10-14T20:22:08.114-04:00  INFO 2022 --- [           main] o.example.AccessingDataJPAApplication    : 
---Yug---
ID: 2 
Phone #: 456 
Address: 2 address
2023-10-14T20:22:08.114-04:00  INFO 2022 --- [           main] o.example.AccessingDataJPAApplication    : 
2023-10-14T20:22:08.114-04:00  INFO 2022 --- [           main] o.example.AccessingDataJPAApplication    : BuddyInfo using findByID()
2023-10-14T20:22:08.114-04:00  INFO 2022 --- [           main] o.example.AccessingDataJPAApplication    : --------------------------
2023-10-14T20:22:08.116-04:00  INFO 2022 --- [           main] o.example.AccessingDataJPAApplication    : 
---Guy---
ID: 1 
Phone #: 123 
Address: 1 address
2023-10-14T20:22:08.119-04:00  INFO 2022 --- [           main] o.example.AccessingDataJPAApplication    : AddressBook using findAll()
2023-10-14T20:22:08.119-04:00  INFO 2022 --- [           main] o.example.AccessingDataJPAApplication    : --------------------------
2023-10-14T20:22:08.121-04:00  INFO 2022 --- [           main] o.example.AccessingDataJPAApplication    : 

 ---Guy---
ID: 3 
Phone #: 123 
Address: 1 address
 ---Yug---
ID: 4 
Phone #: 456 
Address: 2 address
2023-10-14T20:22:08.122-04:00  INFO 2022 --- [           main] o.example.AccessingDataJPAApplication    : 
]]></system-out>
  </testcase>
</testsuite>